android/app/build/outputs/mapping/release/seeds.txt
org.jitsi.meet.sdk.R$styleable: int ShapeAppearance_cornerSizeTopLeft
org.webrtc.EglBase: int[] CONFIG_RGBA
org.webrtc.PeerConnection$SdpSemantics: org.webrtc.PeerConnection$SdpSemantics PLAN_B
com.facebook.react.views.textinput.ReactTextInputManager: int PASSWORD_VISIBILITY_FLAG
okhttp3.internal.connection.RealCall: okhttp3.internal.connection.RealConnection connection
org.jitsi.meet.R$styleable: int SimpleDraweeView_failureImageScaleType
org.webrtc.audio.JavaAudioDeviceModule$AudioSamples: int audioFormat
org.jitsi.meet.R$color: int material_dynamic_neutral_variant95
org.jitsi.meet.sdk.R$dimen: int mtrl_navigation_item_shape_horizontal_margin
com.horcrux.svg.R$style: int Base_AlertDialog_AppCompat
okio.Timeout: long deadlineNanoTime
org.jitsi.meet.R$style: int Theme_MaterialComponents_CompactMenu
org.jitsi.meet.R$styleable: int ClockFaceView_clockFaceBackgroundColor
org.jitsi.meet.R$string: int material_timepicker_pm
org.jitsi.meet.sdk.R$string: int m3_sys_motion_easing_legacy_decelerate
org.jitsi.meet.R$styleable: int SimpleDraweeView_progressBarImageScaleType
org.jitsi.meet.R$styleable: int SearchView_android_maxWidth
okhttp3.internal.ws.RealWebSocket: java.lang.String key
org.webrtc.NV21Buffer: org.webrtc.RefCountDelegate refCountDelegate
com.horcrux.svg.R$drawable: int abc_ic_voice_search_api_material
okio.InputStreamSource: okio.Timeout timeout
com.facebook.react.bridge.CatalystInstanceImpl$1$1: com.facebook.react.bridge.CatalystInstanceImpl$1 this$1
com.horcrux.svg.R$style: int Theme_AppCompat_Light_Dialog
com.facebook.react.bridge.ProxyJavaScriptExecutor$Factory: com.facebook.react.bridge.JavaJSExecutor$Factory mJavaJSExecutorFactory
org.jitsi.meet.sdk.BroadcastAction$Type: org.jitsi.meet.sdk.BroadcastAction$Type SET_AUDIO_MUTED
org.jitsi.meet.sdk.R$string: int mtrl_picker_date_header_unselected
org.jitsi.meet.R$styleable: int ConstraintOverride_layout_marginBaseline
org.jitsi.meet.sdk.R$style: int Widget_AppCompat_RatingBar
org.jitsi.meet.sdk.R$color: int m3_dynamic_dark_highlighted_text
org.webrtc.PeerConnectionFactory$Options: int ADAPTER_TYPE_WIFI
org.jitsi.meet.R$attr: int marginHorizontal
com.oblador.performance.PerformanceModule: boolean eventsBuffered
org.jitsi.meet.R$dimen: int notification_top_pad_large_text
com.horcrux.svg.R$id: int autofill_inline_suggestion_subtitle
org.jitsi.meet.R$style: int Widget_Material3_TabLayout
org.jitsi.meet.sdk.R$styleable: int Layout_layout_constraintWidth
org.jitsi.meet.sdk.R$string: int mtrl_picker_date_header_selected
okhttp3.MultipartReader$Part: okio.BufferedSource body
org.jitsi.meet.R$layout: int activity_jitsi_meet
org.webrtc.VideoSource: org.webrtc.CapturerObserver capturerObserver
org.jitsi.meet.sdk.R$id: int startToEnd
com.horcrux.svg.R$attr: int tintMode
org.jitsi.meet.sdk.R$string: int gph_more_by
org.jitsi.meet.sdk.RNConnectionService: java.lang.String TAG
org.jitsi.meet.R$styleable: int SignInButton_colorScheme
com.horcrux.svg.R$attr: int autoSizeMaxTextSize
org.jitsi.meet.R$styleable: int MenuItem_android_visible
com.horcrux.svg.R$styleable: int AlertDialog_multiChoiceItemLayout
com.horcrux.svg.R$styleable: int SimpleDraweeView_actualImageUri
org.jitsi.meet.R$layout: int abc_list_menu_item_layout
org.jitsi.meet.R$layout: int gph_media_preview_dialog
org.jitsi.meet.sdk.R$id: int aligned
com.horcrux.svg.R$attr: int dialogTheme
org.jitsi.meet.R$style: int TextAppearance_M3_Sys_Typescale_TitleLarge
org.webrtc.audio.WebRtcAudioRecord: org.webrtc.audio.WebRtcAudioRecord$AudioRecordThread audioThread
org.jitsi.meet.sdk.R$style: int ExoMediaButton
org.jitsi.meet.R$style: int ThemeOverlay_Material3_DayNight_BottomSheetDialog
org.jitsi.meet.R$attr: int defaultState
org.jitsi.meet.sdk.R$attr: int backgroundInsetStart
org.jitsi.meet.R$attr: int failureImageScaleType
com.horcrux.svg.R$styleable: int[] AppCompatEmojiHelper
org.jitsi.meet.R$dimen: int compat_button_padding_vertical_material