android/app/build/outputs/mapping/release/usage.txt
com.dropbox.core.v2.team.DevicesListTeamDevicesBuilder
com.dropbox.core.v2.team.ExcludedUsersListArg$Serializer
com.dropbox.core.v2.team.ExcludedUsersListArg
com.dropbox.core.v2.team.ExcludedUsersListContinueArg$Serializer
com.dropbox.core.v2.team.ExcludedUsersListContinueArg
com.dropbox.core.v2.team.ExcludedUsersListContinueError$1
com.dropbox.core.v2.team.ExcludedUsersListContinueError$Serializer
com.dropbox.core.v2.team.ExcludedUsersListContinueError
com.dropbox.core.v2.team.ExcludedUsersListContinueErrorException:
    public final com.dropbox.core.v2.team.ExcludedUsersListContinueError errorValue
    private static final long serialVersionUID
    public void <init>(java.lang.String,java.lang.String,com.dropbox.core.LocalizedText,com.dropbox.core.v2.team.ExcludedUsersListContinueError)
com.dropbox.core.v2.team.ExcludedUsersListError$1
com.dropbox.core.v2.team.ExcludedUsersListError$Serializer
com.dropbox.core.v2.team.ExcludedUsersListError
com.dropbox.core.v2.team.ExcludedUsersListErrorException:
    public final com.dropbox.core.v2.team.ExcludedUsersListError errorValue
    private static final long serialVersionUID
    public void <init>(java.lang.String,java.lang.String,com.dropbox.core.LocalizedText,com.dropbox.core.v2.team.ExcludedUsersListError)
com.dropbox.core.v2.team.ExcludedUsersListResult$Serializer
com.dropbox.core.v2.team.ExcludedUsersListResult
com.dropbox.core.v2.team.ExcludedUsersUpdateArg$Serializer
com.dropbox.core.v2.team.ExcludedUsersUpdateArg
com.dropbox.core.v2.team.ExcludedUsersUpdateError$1
com.dropbox.core.v2.team.ExcludedUsersUpdateError$Serializer
com.dropbox.core.v2.team.ExcludedUsersUpdateError
com.dropbox.core.v2.team.ExcludedUsersUpdateErrorException:
    public final com.dropbox.core.v2.team.ExcludedUsersUpdateError errorValue
    private static final long serialVersionUID
    public void <init>(java.lang.String,java.lang.String,com.dropbox.core.LocalizedText,com.dropbox.core.v2.team.ExcludedUsersUpdateError)
com.dropbox.core.v2.team.ExcludedUsersUpdateResult$Serializer
com.dropbox.core.v2.team.ExcludedUsersUpdateResult
com.dropbox.core.v2.team.ExcludedUsersUpdateStatus$1
com.dropbox.core.v2.team.ExcludedUsersUpdateStatus$Serializer
com.dropbox.core.v2.team.ExcludedUsersUpdateStatus
com.dropbox.core.v2.team.Feature$1
com.dropbox.core.v2.team.Feature$Serializer
com.dropbox.core.v2.team.Feature
com.dropbox.core.v2.team.FeatureValue$1
com.dropbox.core.v2.team.FeatureValue$Serializer
com.dropbox.core.v2.team.FeatureValue$Tag
com.dropbox.core.v2.team.FeatureValue
com.dropbox.core.v2.team.FeaturesGetValuesBatchArg$Serializer
com.dropbox.core.v2.team.FeaturesGetValuesBatchArg
com.dropbox.core.v2.team.FeaturesGetValuesBatchError$1
com.dropbox.core.v2.team.FeaturesGetValuesBatchError$Serializer
com.dropbox.core.v2.team.FeaturesGetValuesBatchError
com.dropbox.core.v2.team.FeaturesGetValuesBatchErrorException:
    public final com.dropbox.core.v2.team.FeaturesGetValuesBatchError errorValue
    private static final long serialVersionUID
    public void <init>(java.lang.String,java.lang.String,com.dropbox.core.LocalizedText,com.dropbox.core.v2.team.FeaturesGetValuesBatchError)
com.dropbox.core.v2.team.FeaturesGetValuesBatchResult$Serializer
com.dropbox.core.v2.team.FeaturesGetValuesBatchResult
com.dropbox.core.v2.team.GetActivityReport$Serializer
com.dropbox.core.v2.team.GetActivityReport
com.dropbox.core.v2.team.GetDevicesReport$Serializer
com.dropbox.core.v2.team.GetDevicesReport
com.dropbox.core.v2.team.GetMembershipReport$Serializer
com.dropbox.core.v2.team.GetMembershipReport
com.dropbox.core.v2.team.GetStorageReport$Serializer
com.dropbox.core.v2.team.GetStorageReport
com.dropbox.core.v2.team.GroupAccessType$1
com.dropbox.core.v2.team.GroupAccessType$Serializer
com.dropbox.core.v2.team.GroupAccessType
com.dropbox.core.v2.team.GroupCreateArg$Builder
com.dropbox.core.v2.team.GroupCreateArg$Serializer
com.dropbox.core.v2.team.GroupCreateArg
com.dropbox.core.v2.team.GroupCreateError$1